[0.241s] Invoking command in '/workspaces/test_ws/lanarvi/build/msgpack11': /usr/bin/cmake /workspaces/test_ws/lanarvi/src/msgpack11 -DCMAKE_INSTALL_PREFIX=/workspaces/test_ws/lanarvi/install/msgpack11
[0.448s] -- The CXX compiler identification is GNU 11.3.0
[0.448s] -- The C compiler identification is GNU 11.3.0
[0.448s] -- Detecting CXX compiler ABI info
[0.448s] -- Detecting CXX compiler ABI info - done
[0.448s] -- Check for working CXX compiler: /usr/bin/c++ - skipped
[0.448s] -- Detecting CXX compile features
[0.448s] -- Detecting CXX compile features - done
[0.448s] -- Detecting C compiler ABI info
[0.449s] -- Detecting C compiler ABI info - done
[0.449s] -- Check for working C compiler: /usr/bin/cc - skipped
[0.449s] -- Detecting C compile features
[0.449s] -- Detecting C compile features - done
[0.572s] -- Found GTest: /usr/lib/x86_64-linux-gnu/cmake/GTest/GTestConfig.cmake (found version "1.11.0")  
[0.592s] -- Found ZLIB: /usr/lib/x86_64-linux-gnu/libz.so (found version "1.2.11") 
[0.593s] -- Found Threads: TRUE  
[0.594s] -- Configuring done
[0.605s] -- Generating done
[0.606s] -- Build files have been written to: /workspaces/test_ws/lanarvi/build/msgpack11
[0.611s] Invoked command in '/workspaces/test_ws/lanarvi/build/msgpack11' returned '0': /usr/bin/cmake /workspaces/test_ws/lanarvi/src/msgpack11 -DCMAKE_INSTALL_PREFIX=/workspaces/test_ws/lanarvi/install/msgpack11
[0.613s] Invoking command in '/workspaces/test_ws/lanarvi/build/msgpack11': /usr/bin/cmake --build /workspaces/test_ws/lanarvi/build/msgpack11 -- -j16 -l16
[0.644s] [  7%] [32mBuilding CXX object CMakeFiles/msgpack11.dir/msgpack11.cpp.o[0m
[2.026s] [ 14%] [32m[1mLinking CXX static library libmsgpack11.a[0m
[2.056s] [ 14%] Built target msgpack11
[2.069s] [ 35%] [32mBuilding CXX object test/CMakeFiles/array.dir/array.cpp.o[0m
[2.069s] [ 35%] [32mBuilding CXX object test/CMakeFiles/multi.dir/multi.cpp.o[0m
[2.069s] [ 35%] [32mBuilding CXX object test/CMakeFiles/raw.dir/raw.cpp.o[0m
[2.069s] [ 42%] [32mBuilding CXX object test/CMakeFiles/basic.dir/basic.cpp.o[0m
[2.070s] [ 50%] [32mBuilding CXX object test/CMakeFiles/object.dir/object.cpp.o[0m
[2.072s] [ 57%] [32mBuilding CXX object test/CMakeFiles/incomplete_data.dir/incomplete_data.cpp.o[0m
[3.635s] [ 64%] [32m[1mLinking CXX executable object[0m
[3.804s] [ 64%] Built target object
[3.944s] [ 71%] [32m[1mLinking CXX executable multi[0m
[4.032s] [ 78%] [32m[1mLinking CXX executable incomplete_data[0m
[4.105s] [ 78%] Built target multi
[4.195s] [ 78%] Built target incomplete_data
[4.494s] [ 85%] [32m[1mLinking CXX executable array[0m
[4.611s] [ 85%] Built target array
[4.655s] [ 92%] [32m[1mLinking CXX executable raw[0m
[4.783s] [ 92%] Built target raw
[6.104s] gmake[2]: *** [test/CMakeFiles/basic.dir/build.make:76: test/CMakeFiles/basic.dir/basic.cpp.o] Interrupt
[6.104s] gmake[1]: *** [CMakeFiles/Makefile2:162: test/CMakeFiles/basic.dir/all] Interrupt
[6.104s] gmake: *** [Makefile:146: all] Interrupt
